Build started 05-09-2018 07:59:23 PM.
     1>Project "C:\Users\kowsh\MissionRnDProjects\Games\spec\spec.vcxproj" on node 2 (Build target(s)).
     1>ClCompile:
         C:\Program Files (x86)\Microsoft Visual Studio 12.0\VC\bin\CL.exe /c /AI"C:\Program Files (x86)\Reference Assemblies\Microsoft\Framework\.NETFramework\v4.0" /AI"C:\Program Files (x86)\Windows Kits\8.1\References\CommonConfiguration\Neutral" /Zi /clr /nologo /W3 /WX- /Od /Oy- /D WIN32 /D _DEBUG /D _WINDLL /D _UNICODE /D UNICODE /EHa /MD /GS /fp:precise /Zc:wchar_t /Zc:forScope /Yu"stdafx.h" /Fp"Debug\spec.pch" /Fo"Debug\\" /Fd"Debug\vc120.pdb" /TP /FU"C:\Program Files (x86)\Microsoft Visual Studio 12.0\Common7\IDE\PublicAssemblies\Microsoft.VisualStudio.QualityTools.UnitTestFramework.dll" /FU"C:\Program Files (x86)\Reference Assemblies\Microsoft\Framework\.NETFramework\v4.0\mscorlib.dll" /FU"C:\Program Files (x86)\Reference Assemblies\Microsoft\Framework\.NETFramework\v4.0\System.Data.dll" /FU"C:\Program Files (x86)\Reference Assemblies\Microsoft\Framework\.NETFramework\v4.0\System.dll" /FU"C:\Program Files (x86)\Reference Assemblies\Microsoft\Framework\.NETFramework\v4.0\System.Xml.dll" /analyze- /errorReport:prompt /clr:nostdlib C15PuzzleSpec.cpp CReversiSpec.cpp
         C15PuzzleSpec.cpp
     1>c:\users\kowsh\missionrndprojects\games\spec\./../src/C15BoardUtils.h(22): warning C4091: 'typedef ' : ignored on left of 'Board' when no variable is declared
     1>c:\users\kowsh\missionrndprojects\games\spec\./../src/C15BoardUtils.h(39): warning C4244: 'argument' : conversion from 'time_t' to 'unsigned int', possible loss of data
     1>c:\users\kowsh\missionrndprojects\games\spec\./../src/C15UserUtils.h(11): warning C4091: 'typedef ' : ignored on left of 'User' when no variable is declared
     1>c:\users\kowsh\missionrndprojects\games\spec\./../src/C15MovesUtils.h(21): warning C4996: 'scanf': This function or variable may be unsafe. Consider using scanf_s instead. To disable deprecation, use _CRT_SECURE_NO_WARNINGS. See online help for details.
                 C:\Program Files (x86)\Microsoft Visual Studio 12.0\VC\include\stdio.h(283) : see declaration of 'scanf'
         CReversiSpec.cpp
     1>c:\users\kowsh\missionrndprojects\games\spec\./../src/ReversiMovesUtils.h(34): warning C4996: 'scanf': This function or variable may be unsafe. Consider using scanf_s instead. To disable deprecation, use _CRT_SECURE_NO_WARNINGS. See online help for details.
                 C:\Program Files (x86)\Microsoft Visual Studio 12.0\VC\include\stdio.h(283) : see declaration of 'scanf'
     1>c:\users\kowsh\missionrndprojects\games\spec\./../src/ReversiMovesUtils.h(62): warning C4101: 'turn' : unreferenced local variable
         Generating Code...
     1>c:\users\kowsh\missionrndprojects\games\src\reversimovesutils.h(262): warning C4715: 'checkvalid' : not all control paths return a value
     1>c:\users\kowsh\missionrndprojects\games\src\reversimovesutils.h(604): warning C4715: 'playMove' : not all control paths return a value
       Link:
         C:\Program Files (x86)\Microsoft Visual Studio 12.0\VC\bin\link.exe /ERRORREPORT:PROMPT /OUT:"C:\Users\kowsh\MissionRnDProjects\Games\Debug\spec.dll" /INCREMENTAL /NOLOGO /MANIFEST /MANIFESTUAC:"level='asInvoker' uiAccess='false'" /manifest:embed /DEBUG /PDB:"C:\Users\kowsh\MissionRnDProjects\Games\Debug\spec.pdb" /TLBID:1 /DYNAMICBASE /FIXED:NO /NXCOMPAT /MACHINE:X86 /SAFESEH /DLL Debug\app.res
         Debug\AssemblyInfo.obj
         Debug\CReversiSpec.obj
         Debug\stdafx.obj
         Debug\C15PuzzleSpec.obj
         "Debug\.NETFramework,Version=v4.0.AssemblyAttributes.obj"
         spec.vcxproj -> C:\Users\kowsh\MissionRnDProjects\Games\Debug\spec.dll
     1>Done Building Project "C:\Users\kowsh\MissionRnDProjects\Games\spec\spec.vcxproj" (Build target(s)).

Build succeeded.

Time Elapsed 00:00:01.20
