c:\users\kowsh\missionrndprojects\games\spec\debug\spec.pch
c:\users\kowsh\missionrndprojects\games\spec\debug\vc120.pdb
c:\users\kowsh\missionrndprojects\games\spec\debug\stdafx.obj
c:\users\kowsh\missionrndprojects\games\spec\debug\c15puzzlespec.obj
c:\users\kowsh\missionrndprojects\games\spec\debug\creversispec.obj
c:\users\kowsh\missionrndprojects\games\spec\debug\assemblyinfo.obj
c:\users\kowsh\missionrndprojects\games\spec\debug\.netframework,version=v4.0.assemblyattributes.obj
c:\users\kowsh\missionrndprojects\games\debug\spec.dll
c:\users\kowsh\missionrndprojects\games\debug\spec.pdb
c:\users\kowsh\missionrndprojects\games\spec\debug\app.res
c:\users\kowsh\missionrndprojects\games\spec\debug\spec.vcxprojresolveassemblyreference.cache
c:\users\kowsh\missionrndprojects\games\spec\debug\spec.tlog\cl.command.1.tlog
c:\users\kowsh\missionrndprojects\games\spec\debug\spec.tlog\cl.read.1.tlog
c:\users\kowsh\missionrndprojects\games\spec\debug\spec.tlog\cl.write.1.tlog
c:\users\kowsh\missionrndprojects\games\spec\debug\spec.tlog\link.command.1.tlog
c:\users\kowsh\missionrndprojects\games\spec\debug\spec.tlog\link.read.1.tlog
c:\users\kowsh\missionrndprojects\games\spec\debug\spec.tlog\link.write.1.tlog
c:\users\kowsh\missionrndprojects\games\spec\debug\spec.tlog\metagen.read.1.tlog
c:\users\kowsh\missionrndprojects\games\spec\debug\spec.tlog\metagen.write.1.tlog
c:\users\kowsh\missionrndprojects\games\spec\debug\spec.tlog\rc.command.1.tlog
c:\users\kowsh\missionrndprojects\games\spec\debug\spec.tlog\rc.read.1.tlog
c:\users\kowsh\missionrndprojects\games\spec\debug\spec.tlog\rc.write.1.tlog
c:\users\kowsh\missionrndprojects\games\spec\debug\spec.tlog\tzres.dll.bi
